# JRE version: OpenJDK Runtime Environment (Red_Hat-11.0.17.0.8-2.el7_9) (11.0.17+8) (build 11.0.17+8-LTS)
# Java VM: OpenJDK 64-Bit Server VM (Red_Hat-11.0.17.0.8-2.el7_9) (11.0.17+8-LTS, mixed mode, sharing, tiered, compressed oops, g1 gc, linux-amd64)
Heap:
 garbage-first heap   total 447488K, used 60476K [0x00000000c6400000, 0x0000000100000000)
  region size 1024K, 2 young (2048K), 2 survivors (2048K)
 Metaspace       used 22530K, capacity 23502K, committed 23680K, reserved 1071104K
  class space    used 2443K, capacity 2862K, committed 2944K, reserved 1048576K
GC Heap History (20 events):
Event: 782.100 GC heap after
{Heap after GC invocations=120 (full 0):
 garbage-first heap   total 245760K, used 59880K [0x00000000c6400000, 0x0000000100000000)
  region size 1024K, 2 young (2048K), 2 survivors (2048K)
 Metaspace       used 22528K, capacity 23502K, committed 23680K, reserved 1071104K
  class space    used 2443K, capacity 2862K, committed 2944K, reserved 1048576K
}
Event: 782.446 GC heap before
{Heap before GC invocations=120 (full 0):
 garbage-first heap   total 245760K, used 162280K [0x00000000c6400000, 0x0000000100000000)
  region size 1024K, 102 young (104448K), 2 survivors (2048K)
 Metaspace       used 22528K, capacity 23502K, committed 23680K, reserved 1071104K
  class space    used 2443K, capacity 2862K, committed 2944K, reserved 1048576K
}
Event: 782.448 GC heap after
{Heap after GC invocations=121 (full 0):
 garbage-first heap   total 245760K, used 59904K [0x00000000c6400000, 0x0000000100000000)
  region size 1024K, 2 young (2048K), 2 survivors (2048K)
 Metaspace       used 22528K, capacity 23502K, committed 23680K, reserved 1071104K
  class space    used 2443K, capacity 2862K, committed 2944K, reserved 1048576K
}
Event: 783.165 GC heap before
{Heap before GC invocations=121 (full 0):
 garbage-first heap   total 245760K, used 174592K [0x00000000c6400000, 0x0000000100000000)
  region size 1024K, 114 young (116736K), 2 survivors (2048K)
 Metaspace       used 22528K, capacity 23502K, committed 23680K, reserved 1071104K
  class space    used 2443K, capacity 2862K, committed 2944K, reserved 1048576K
}
Event: 783.167 GC heap after
{Heap after GC invocations=122 (full 0):
 garbage-first heap   total 245760K, used 59890K [0x00000000c6400000, 0x0000000100000000)
  region size 1024K, 2 young (2048K), 2 survivors (2048K)
 Metaspace       used 22528K, capacity 23502K, committed 23680K, reserved 1071104K
  class space    used 2443K, capacity 2862K, committed 2944K, reserved 1048576K
}
Event: 783.860 GC heap before
{Heap before GC invocations=122 (full 0):
 garbage-first heap   total 245760K, used 183794K [0x00000000c6400000, 0x0000000100000000)
  region size 1024K, 123 young (125952K), 2 survivors (2048K)
 Metaspace       used 22528K, capacity 23502K, committed 23680K, reserved 1071104K
  class space    used 2443K, capacity 2862K, committed 2944K, reserved 1048576K
}
Event: 784.174 GC heap after
{Heap after GC invocations=123 (full 0):
 garbage-first heap   total 274432K, used 59918K [0x00000000c6400000, 0x0000000100000000)
  region size 1024K, 2 young (2048K), 2 survivors (2048K)
 Metaspace       used 22528K, capacity 23502K, committed 23680K, reserved 1071104K
  class space    used 2443K, capacity 2862K, committed 2944K, reserved 1048576K
}
Event: 785.200 GC heap before
{Heap before GC invocations=123 (full 0):
 garbage-first heap   total 274432K, used 208398K [0x00000000c6400000, 0x0000000100000000)
  region size 1024K, 147 young (150528K), 2 survivors (2048K)
 Metaspace       used 22528K, capacity 23502K, committed 23680K, reserved 1071104K
  class space    used 2443K, capacity 2862K, committed 2944K, reserved 1048576K
}
Event: 785.256 GC heap after
{Heap after GC invocations=124 (full 0):
 garbage-first heap   total 274432K, used 59959K [0x00000000c6400000, 0x0000000100000000)
  region size 1024K, 2 young (2048K), 2 survivors (2048K)
 Metaspace       used 22528K, capacity 23502K, committed 23680K, reserved 1071104K
  class space    used 2443K, capacity 2862K, committed 2944K, reserved 1048576K
}
Event: 787.621 GC heap before
{Heap before GC invocations=124 (full 0):
 garbage-first heap   total 274432K, used 216631K [0x00000000c6400000, 0x0000000100000000)
  region size 1024K, 155 young (158720K), 2 survivors (2048K)
 Metaspace       used 22529K, capacity 23502K, committed 23680K, reserved 1071104K
  class space    used 2443K, capacity 2862K, committed 2944K, reserved 1048576K
}
Event: 788.309 GC heap after
{Heap after GC invocations=125 (full 0):
 garbage-first heap   total 274432K, used 60136K [0x00000000c6400000, 0x0000000100000000)
  region size 1024K, 2 young (2048K), 2 survivors (2048K)
 Metaspace       used 22529K, capacity 23502K, committed 23680K, reserved 1071104K
  class space    used 2443K, capacity 2862K, committed 2944K, reserved 1048576K
}
Event: 798.071 GC heap before
{Heap before GC invocations=125 (full 0):
 garbage-first heap   total 274432K, used 220904K [0x00000000c6400000, 0x0000000100000000)
  region size 1024K, 160 young (163840K), 2 survivors (2048K)
 Metaspace       used 22530K, capacity 23502K, committed 23680K, reserved 1071104K
  class space    used 2443K, capacity 2862K, committed 2944K, reserved 1048576K
}
Event: 798.448 GC heap after
{Heap after GC invocations=126 (full 0):
 garbage-first heap   total 274432K, used 59995K [0x00000000c6400000, 0x0000000100000000)
  region size 1024K, 2 young (2048K), 2 survivors (2048K)
 Metaspace       used 22530K, capacity 23502K, committed 23680K, reserved 1071104K
  class space    used 2443K, capacity 2862K, committed 2944K, reserved 1048576K
}
Event: 802.853 GC heap before
{Heap before GC invocations=126 (full 0):
 garbage-first heap   total 274432K, used 221787K [0x00000000c6400000, 0x0000000100000000)
  region size 1024K, 160 young (163840K), 2 survivors (2048K)
 Metaspace       used 22530K, capacity 23502K, committed 23680K, reserved 1071104K
  class space    used 2443K, capacity 2862K, committed 2944K, reserved 1048576K
}
Event: 802.948 GC heap after
{Heap after GC invocations=127 (full 0):
 garbage-first heap   total 274432K, used 60186K [0x00000000c6400000, 0x0000000100000000)
  region size 1024K, 2 young (2048K), 2 survivors (2048K)
 Metaspace       used 22530K, capacity 23502K, committed 23680K, reserved 1071104K
  class space    used 2443K, capacity 2862K, committed 2944K, reserved 1048576K
}
Event: 805.499 GC heap before
{Heap before GC invocations=127 (full 0):
 garbage-first heap   total 274432K, used 221978K [0x00000000c6400000, 0x0000000100000000)
  region size 1024K, 160 young (163840K), 2 survivors (2048K)
 Metaspace       used 22530K, capacity 23502K, committed 23680K, reserved 1071104K
  class space    used 2443K, capacity 2862K, committed 2944K, reserved 1048576K
}
Event: 805.542 GC heap after
{Heap after GC invocations=128 (full 0):
 garbage-first heap   total 274432K, used 60208K [0x00000000c6400000, 0x0000000100000000)
  region size 1024K, 2 young (2048K), 2 survivors (2048K)
 Metaspace       used 22530K, capacity 23502K, committed 23680K, reserved 1071104K
  class space    used 2443K, capacity 2862K, committed 2944K, reserved 1048576K
}
Event: 806.527 GC heap before
{Heap before GC invocations=128 (full 0):
 garbage-first heap   total 274432K, used 222000K [0x00000000c6400000, 0x0000000100000000)
  region size 1024K, 160 young (163840K), 2 survivors (2048K)
 Metaspace       used 22530K, capacity 23502K, committed 23680K, reserved 1071104K
  class space    used 2443K, capacity 2862K, committed 2944K, reserved 1048576K
}
Event: 806.642 GC heap after
{Heap after GC invocations=129 (full 0):
 garbage-first heap   total 274432K, used 60243K [0x00000000c6400000, 0x0000000100000000)
  region size 1024K, 2 young (2048K), 2 survivors (2048K)
 Metaspace       used 22530K, capacity 23502K, committed 23680K, reserved 1071104K
  class space    used 2443K, capacity 2862K, committed 2944K, reserved 1048576K
}
Event: 808.564 GC heap before
{Heap before GC invocations=129 (full 0):
 garbage-first heap   total 274432K, used 222035K [0x00000000c6400000, 0x0000000100000000)
  region size 1024K, 160 young (163840K), 2 survivors (2048K)
 Metaspace       used 22530K, capacity 23502K, committed 23680K, reserved 1071104K
  class space    used 2443K, capacity 2862K, committed 2944K, reserved 1048576K
}

